0 info it worked if it ends with ok
1 verbose cli [ '/Users/danriding/.nvm/versions/node/v6.2.2/bin/node',
1 verbose cli   '/Users/danriding/.nvm/versions/node/v6.2.2/bin/npm',
1 verbose cli   'run',
1 verbose cli   'lint:js',
1 verbose cli   '--',
1 verbose cli   '--fix' ]
2 info using npm@3.9.5
3 info using node@v6.2.2
4 verbose run-script [ 'prelint:js', 'lint:js', 'postlint:js' ]
5 info lifecycle webpack-demo@1.0.0~prelint:js: webpack-demo@1.0.0
6 silly lifecycle webpack-demo@1.0.0~prelint:js: no script for prelint:js, continuing
7 info lifecycle webpack-demo@1.0.0~lint:js: webpack-demo@1.0.0
8 verbose lifecycle webpack-demo@1.0.0~lint:js: unsafe-perm in lifecycle true
9 verbose lifecycle webpack-demo@1.0.0~lint:js: PATH: /Users/danriding/.nvm/versions/node/v6.2.2/lib/node_modules/npm/bin/node-gyp-bin:/Users/danriding/Desktop/web-projects/to-do-react-sql/node_modules/.bin:/Users/danriding/.nvm/versions/node/v6.2.2/bin:/Users/danriding/.nvm/versions/node/v6.2.2/bin:/Users/danriding/.npm-global/bin:/Users/danriding/.npm-global/bin:/usr/local/bin:/usr/bin:/bin:/usr/sbin:/sbin
10 verbose lifecycle webpack-demo@1.0.0~lint:js: CWD: /Users/danriding/Desktop/web-projects/to-do-react-sql
11 silly lifecycle webpack-demo@1.0.0~lint:js: Args: [ '-c', 'eslint app/ webpack.*.js --cache "--fix"' ]
12 silly lifecycle webpack-demo@1.0.0~lint:js: Returned: code: 1  signal: null
13 info lifecycle webpack-demo@1.0.0~lint:js: Failed to exec lint:js script
14 verbose stack Error: webpack-demo@1.0.0 lint:js: `eslint app/ webpack.*.js --cache "--fix"`
14 verbose stack Exit status 1
14 verbose stack     at EventEmitter.<anonymous> (/Users/danriding/.nvm/versions/node/v6.2.2/lib/node_modules/npm/lib/utils/lifecycle.js:245:16)
14 verbose stack     at emitTwo (events.js:106:13)
14 verbose stack     at EventEmitter.emit (events.js:191:7)
14 verbose stack     at ChildProcess.<anonymous> (/Users/danriding/.nvm/versions/node/v6.2.2/lib/node_modules/npm/lib/utils/spawn.js:24:14)
14 verbose stack     at emitTwo (events.js:106:13)
14 verbose stack     at ChildProcess.emit (events.js:191:7)
14 verbose stack     at maybeClose (internal/child_process.js:852:16)
14 verbose stack     at Process.ChildProcess._handle.onexit (internal/child_process.js:215:5)
15 verbose pkgid webpack-demo@1.0.0
16 verbose cwd /Users/danriding/Desktop/web-projects/to-do-react-sql
17 error Darwin 16.7.0
18 error argv "/Users/danriding/.nvm/versions/node/v6.2.2/bin/node" "/Users/danriding/.nvm/versions/node/v6.2.2/bin/npm" "run" "lint:js" "--" "--fix"
19 error node v6.2.2
20 error npm  v3.9.5
21 error code ELIFECYCLE
22 error webpack-demo@1.0.0 lint:js: `eslint app/ webpack.*.js --cache "--fix"`
22 error Exit status 1
23 error Failed at the webpack-demo@1.0.0 lint:js script 'eslint app/ webpack.*.js --cache "--fix"'.
23 error Make sure you have the latest version of node.js and npm installed.
23 error If you do, this is most likely a problem with the webpack-demo package,
23 error not with npm itself.
23 error Tell the author that this fails on your system:
23 error     eslint app/ webpack.*.js --cache "--fix"
23 error You can get information on how to open an issue for this project with:
23 error     npm bugs webpack-demo
23 error Or if that isn't available, you can get their info via:
23 error     npm owner ls webpack-demo
23 error There is likely additional logging output above.
24 verbose exit [ 1, true ]
